
          -------------------------------------------------------
          Amber 22 PMEMD                              2022
          -------------------------------------------------------

| PMEMD implementation of SANDER, Release 22

|  Compiled date/time: Wed Jun 22 12:17:43 2022
| Run on 07/04/2026 at 21:13:14

|   Executable path: pmemd
| Working directory: /cta/users/akocak/mdutils/automd/proprep/prep_3HTB_JZ4_parmed
|          Hostname: Unknown
  [-O]verwriting output

File Assignments:
|   MDIN: amber_min.in                                                          
|  MDOUT: amber_min.out                                                         
| INPCRD: complex_solv.inpcrd                                                   
|   PARM: complex_solv.prmtop                                                   
| RESTRT: amber_min.rst                                                         
|   REFC: complex_solv.inpcrd                                                   
|  MDVEL: mdvel                                                                 
|   MDEN: mden                                                                  
|  MDCRD: amber_min.nc                                                          
| MDINFO: mdinfo                                                                
|  MDFRC: mdfrc                                                                 


 Here is the input file:

Minimization - steepest descent then CG, heavy atoms restrained                
 &cntrl                                                                        
  imin         = 1,                                                            
  ntmin        = 1,                                                            
  maxcyc       = 10000,                                                        
  ncyc         = 5000,                                                         
  ntpr         = 100,                                                          
  ntwx         = 0,                                                            
  cut          = 12.0,                                                         
  ntb          = 1,                                                            
  ntr          = 1,                                                            
  restraint_wt = 10.0,                                                         
  restraintmask = '!(:WAT,Na+,Cl-)',                                           
 /                                                                             


Note: ig = -1. Setting random seed to   363399 based on wallclock time in 
      microseconds.
| irandom = 1, using AMBER's internal random number generator (default).
 
 
| Conditional Compilation Defines Used:
| PUBFFT
| BINTRAJ
| EMIL

| Largest sphere to fit in unit cell has radius =    30.186

| New format PARM file being parsed.
| Version =    1.000 Date = 07/04/26 Time = 21:05:48

| Note: 1-4 EEL scale factors are being read from the topology file.

| Note: 1-4 VDW scale factors are being read from the topology file.
| Duplicated    0 dihedrals

| Duplicated    0 dihedrals

--------------------------------------------------------------------------------
   1.  RESOURCE   USE: 
--------------------------------------------------------------------------------

 getting new box info from bottom of inpcrd
 NATOM  =   27497 NTYPES =      22 NBONH =   26180 MBONA  =    1331
 NTHETH =    2996 MTHETA =    1792 NPHIH =    5862 MPHIA  =    4659
 NHPARM =       0 NPARM  =       0 NNB   =   47622 NRES   =    8455
 NBONA  =    1331 NTHETA =    1792 NPHIA =    4659 NUMBND =      59
 NUMANG =     117 NPTRA  =      72 NATYP =      41 NPHB   =       0
 IFBOX  =       2 NMXRS  =      24 IFCAP =       0 NEXTRA =       0
 NCOPY  =       0

| Coordinate Index Table dimensions:    10   10   10
| Direct force subcell size =     7.3940    7.3940    7.3940

     BOX TYPE: TRUNCATED OCTAHEDRON

--------------------------------------------------------------------------------
   2.  CONTROL  DATA  FOR  THE  RUN
--------------------------------------------------------------------------------

default_name                                                                    

General flags:
     imin    =       1, nmropt  =       0

Nature and format of input:
     ntx     =       1, irest   =       0, ntrx    =       1

Nature and format of output:
     ntxo    =       2, ntpr    =     100, ntrx    =       1, ntwr    =       1
     iwrap   =       0, ntwx    =       0, ntwv    =       0, ntwe    =       0
     ioutfm  =       1, ntwprt  =       0, idecomp =       0, rbornstat=      0

Potential function:
     ntf     =       1, ntb     =       1, igb     =       0, nsnb    =      25
     ipol    =       0, gbsa    =       0, iesp    =       0
     dielc   =   1.00000, cut     =  12.00000, intdiel =   1.00000

Frozen or restrained atoms:
     ibelly  =       0, ntr     =       1
     restraint_wt =  10.00000

Energy minimization:
     maxcyc  =   10000, ncyc    =    5000, ntmin   =       1
     dx0     =   0.01000, drms    =   0.00010

| Intermolecular bonds treatment:
|     no_intermolecular_bonds =       1

| Energy averages sample interval:
|     ene_avg_sampling =       1

Ewald parameters:
     verbose =       0, ew_type =       0, nbflag  =       1, use_pme =       1
     vdwmeth =       1, eedmeth =       1, netfrc  =       0
     Box X =   73.940   Box Y =   73.940   Box Z =   73.940
     Alpha =  109.471   Beta  =  109.471   Gamma =  109.471
     NFFT1 =   80       NFFT2 =   75       NFFT3 =   75
     Cutoff=   12.000   Tol   =0.100E-04
     Ewald Coefficient =  0.22664
     Interpolation order =    4

    LOADING THE CONSTRAINED ATOMS AS GROUPS


   5.  REFERENCE ATOM COORDINATES

  default_name                                                                    
     Mask !(:WAT,Na+,Cl-); matches  2636 atoms

--------------------------------------------------------------------------------
   3.  ATOMIC COORDINATES AND VELOCITIES
--------------------------------------------------------------------------------

default_name                                                                    
 begin time read from input coords =     0.000 ps

 
 Number of triangulated 3-point waters found:     8285

     Sum of charges from parm topology file =  -0.00000107
     Forcing neutrality...

| Dynamic Memory, Types Used:
| Reals              885743
| Integers          1046299

| Nonbonded Pairs Initial Allocation:    13674945

--------------------------------------------------------------------------------
   4.  RESULTS
--------------------------------------------------------------------------------

 ---------------------------------------------------
 APPROXIMATING switch and d/dx switch using CUBIC SPLINE INTERPOLATION
 using   5000.0 points per unit in tabled values
 TESTING RELATIVE ERROR over r ranging from 0.0 to cutoff
| CHECK switch(x): max rel err =   0.2738E-14   at   2.422500
| CHECK d/dx switch(x): max rel err =   0.7967E-11   at   2.716640
 ---------------------------------------------------
|---------------------------------------------------
| APPROXIMATING direct energy using CUBIC SPLINE INTERPOLATION
|  with   50.0 points per unit in tabled values
| Relative Error Limit not exceeded for r .gt.   2.27
| APPROXIMATING direct force using CUBIC SPLINE INTERPOLATION
|  with   50.0 points per unit in tabled values
| Relative Error Limit not exceeded for r .gt.   2.78
|---------------------------------------------------


   NSTEP       ENERGY          RMS            GMAX         NAME    NUMBER
      1      -6.9856E+04     9.8993E+01     8.7411E+03     O       15750

 BOND    =      296.4731  ANGLE   =      386.6656  DIHED      =     1706.9755
 VDWAALS =    12966.6206  EEL     =   -91775.7393  HBOND      =        0.0000
 1-4 VDW =      772.0378  1-4 EEL =     5790.9400  RESTRAINT  =        0.0000


   NSTEP       ENERGY          RMS            GMAX         NAME    NUMBER
    100      -9.4067E+04     3.5123E+00     2.9986E+01     CE2      2446

 BOND    =     4661.2579  ANGLE   =      241.0158  DIHED      =     1669.8087
 VDWAALS =     7586.8980  EEL     =  -114534.5259  HBOND      =        0.0000
 1-4 VDW =      635.2032  1-4 EEL =     5518.5938  RESTRAINT  =      155.2365
 EAMBER  =   -94221.7486


   NSTEP       ENERGY          RMS            GMAX         NAME    NUMBER
    200      -9.7543E+04     6.2330E-01     1.2424E+01     CE2      2446

 BOND    =     5704.6440  ANGLE   =      240.3224  DIHED      =     1666.8947
 VDWAALS =     9072.9833  EEL     =  -120550.1987  HBOND      =        0.0000
 1-4 VDW =      629.1049  1-4 EEL =     5510.7904  RESTRAINT  =      182.7646
 EAMBER  =   -97725.4589


   NSTEP       ENERGY          RMS            GMAX         NAME    NUMBER
    300      -9.9391E+04     6.6341E-01     3.3847E+01     CE2      2446

 BOND    =     6033.7298  ANGLE   =      240.6358  DIHED      =     1666.9433
 VDWAALS =    10302.1758  EEL     =  -123958.2743  HBOND      =        0.0000
 1-4 VDW =      627.9407  1-4 EEL =     5509.0786  RESTRAINT  =      187.0817
 EAMBER  =   -99577.7703


   NSTEP       ENERGY          RMS            GMAX         NAME    NUMBER
    400      -1.0060E+05     5.5751E-01     2.9496E+01     CE2      2446

 BOND    =     6261.9344  ANGLE   =      240.3032  DIHED      =     1667.1697
 VDWAALS =    11258.8439  EEL     =  -126354.2290  HBOND      =        0.0000
 1-4 VDW =      627.4903  1-4 EEL =     5508.6707  RESTRAINT  =      187.3714
 EAMBER  =  -100789.8168


   NSTEP       ENERGY          RMS            GMAX         NAME    NUMBER
    500      -1.0152E+05     6.7962E-01     4.7897E+01     CE2      2446

 BOND    =     6443.6408  ANGLE   =      241.0339  DIHED      =     1667.4172
 VDWAALS =    12029.8950  EEL     =  -128220.8182  HBOND      =        0.0000
 1-4 VDW =      627.2210  1-4 EEL =     5508.5217  RESTRAINT  =      187.3170
 EAMBER  =  -101703.0887


   NSTEP       ENERGY          RMS            GMAX         NAME    NUMBER
    600      -1.0225E+05     3.5845E-01     1.2185E+01     CE2      2446

 BOND    =     6586.7249  ANGLE   =      240.4284  DIHED      =     1667.5363
 VDWAALS =    12654.6452  EEL     =  -129724.1896  HBOND      =        0.0000
 1-4 VDW =      626.9190  1-4 EEL =     5508.6206  RESTRAINT  =      187.1269
 EAMBER  =  -102439.3150


   NSTEP       ENERGY          RMS            GMAX         NAME    NUMBER
    700      -1.0289E+05     3.1996E-01     8.6587E+00     CE2      2446

 BOND    =     6715.0418  ANGLE   =      240.6078  DIHED      =     1667.6518
 VDWAALS =    13206.6856  EEL     =  -131040.6205  HBOND      =        0.0000
 1-4 VDW =      626.6614  1-4 EEL =     5508.6524  RESTRAINT  =      187.1436
 EAMBER  =  -103075.3196


   NSTEP       ENERGY          RMS            GMAX         NAME    NUMBER
    800      -1.0343E+05     1.1384E+00     9.2928E+01     CE2      2446

 BOND    =     6842.9072  ANGLE   =      242.4653  DIHED      =     1667.7588
 VDWAALS =    13700.3994  EEL     =  -132202.1832  HBOND      =        0.0000
 1-4 VDW =      626.4981  1-4 EEL =     5508.5577  RESTRAINT  =      187.4015
 EAMBER  =  -103613.5966


   NSTEP       ENERGY          RMS            GMAX         NAME    NUMBER
    900      -1.0392E+05     3.0203E-01     1.3093E+01     CE2      2446

 BOND    =     6926.3143  ANGLE   =      240.8368  DIHED      =     1667.7142
 VDWAALS =    14127.8742  EEL     =  -133201.8801  HBOND      =        0.0000
 1-4 VDW =      626.2821  1-4 EEL =     5508.5001  RESTRAINT  =      187.3778
 EAMBER  =  -104104.3583


   NSTEP       ENERGY          RMS            GMAX         NAME    NUMBER
   1000      -1.0433E+05     8.1318E-01     5.9992E+01     CE2      2446

 BOND    =     7020.0970  ANGLE   =      241.5784  DIHED      =     1667.6346
 VDWAALS =    14512.8717  EEL     =  -134093.3307  HBOND      =        0.0000
 1-4 VDW =      626.0918  1-4 EEL =     5508.3999  RESTRAINT  =      187.7115
 EAMBER  =  -104516.6575


   NSTEP       ENERGY          RMS            GMAX         NAME    NUMBER
   1100      -1.0470E+05     7.5465E-01     8.3888E+01     CG        174

 BOND    =     7095.0005  ANGLE   =      240.9220  DIHED      =     1667.5135
 VDWAALS =    14853.3947  EEL     =  -134875.4863  HBOND      =        0.0000
 1-4 VDW =      625.9309  1-4 EEL =     5508.4609  RESTRAINT  =      187.5896
 EAMBER  =  -104884.2638


   NSTEP       ENERGY          RMS            GMAX         NAME    NUMBER
   1200      -1.0503E+05     6.4212E-01     5.0038E+01     CE2      2446

 BOND    =     7160.0690  ANGLE   =      241.7433  DIHED      =     1667.5263
 VDWAALS =    15163.1729  EEL     =  -135583.6747  HBOND      =        0.0000
 1-4 VDW =      625.9481  1-4 EEL =     5508.3863  RESTRAINT  =      187.3133
 EAMBER  =  -105216.8288


   NSTEP       ENERGY          RMS            GMAX         NAME    NUMBER
   1300      -1.0532E+05     3.8288E-01     2.7665E+01     CG        174

 BOND    =     7218.0132  ANGLE   =      240.8213  DIHED      =     1667.4072
 VDWAALS =    15435.1908  EEL     =  -136203.7319  HBOND      =        0.0000
 1-4 VDW =      625.8901  1-4 EEL =     5508.5135  RESTRAINT  =      186.7715
 EAMBER  =  -105507.8959


   NSTEP       ENERGY          RMS            GMAX         NAME    NUMBER
   1400      -1.0558E+05     3.0372E-01     1.9348E+01     CE2      2446

 BOND    =     7270.4196  ANGLE   =      241.1331  DIHED      =     1667.4456
 VDWAALS =    15678.7743  EEL     =  -136759.6774  HBOND      =        0.0000
 1-4 VDW =      625.9449  1-4 EEL =     5508.5237  RESTRAINT  =      186.5254
 EAMBER  =  -105767.4362


   NSTEP       ENERGY          RMS            GMAX         NAME    NUMBER
   1500      -1.0581E+05     3.5592E-01     2.6291E+01     CE2      2446

 BOND    =     7318.9585  ANGLE   =      240.9413  DIHED      =     1667.4197
 VDWAALS =    15894.3609  EEL     =  -137256.6033  HBOND      =        0.0000
 1-4 VDW =      625.9869  1-4 EEL =     5508.5630  RESTRAINT  =      186.2944
 EAMBER  =  -106000.3729


   NSTEP       ENERGY          RMS            GMAX         NAME    NUMBER
   1600      -1.0602E+05     1.9218E-01     6.4695E+00     CE2      2446

 BOND    =     7360.3515  ANGLE   =      241.0051  DIHED      =     1667.3782
 VDWAALS =    16085.5815  EEL     =  -137699.6082  HBOND      =        0.0000
 1-4 VDW =      626.0727  1-4 EEL =     5508.4773  RESTRAINT  =      186.1684
 EAMBER  =  -106210.7418


   NSTEP       ENERGY          RMS            GMAX         NAME    NUMBER
   1700      -1.0621E+05     7.0299E-01     5.8766E+01     CE2      2446

 BOND    =     7406.1022  ANGLE   =      241.7438  DIHED      =     1667.3011
 VDWAALS =    16264.6713  EEL     =  -138113.6484  HBOND      =        0.0000
 1-4 VDW =      626.1470  1-4 EEL =     5508.3250  RESTRAINT  =      186.1513
 EAMBER  =  -106399.3579


   NSTEP       ENERGY          RMS            GMAX         NAME    NUMBER
   1800      -1.0640E+05     1.8604E-01     8.1366E+00     CE2      2446

 BOND    =     7436.8815  ANGLE   =      241.0917  DIHED      =     1667.2553
 VDWAALS =    16425.7094  EEL     =  -138486.6333  HBOND      =        0.0000
 1-4 VDW =      626.2205  1-4 EEL =     5508.1910  RESTRAINT  =      186.0083
 EAMBER  =  -106581.2837


   NSTEP       ENERGY          RMS            GMAX         NAME    NUMBER
   1900      -1.0655E+05     5.3197E-01     5.6774E+01     CG        174

 BOND    =     7473.2475  ANGLE   =      241.4411  DIHED      =     1667.2067
 VDWAALS =    16572.1619  EEL     =  -138828.1829  HBOND      =        0.0000
 1-4 VDW =      626.2606  1-4 EEL =     5507.9718  RESTRAINT  =      186.0899
 EAMBER  =  -106739.8934


   NSTEP       ENERGY          RMS            GMAX         NAME    NUMBER
   2000      -1.0670E+05     4.7357E-01     3.6319E+01     CE2      2446

 BOND    =     7503.9551  ANGLE   =      241.2947  DIHED      =     1667.2064
 VDWAALS =    16709.7354  EEL     =  -139147.0487  HBOND      =        0.0000
 1-4 VDW =      626.3010  1-4 EEL =     5507.8485  RESTRAINT  =      186.1403
 EAMBER  =  -106890.7076


   NSTEP       ENERGY          RMS            GMAX         NAME    NUMBER
   2100      -1.0684E+05     3.6780E-01     2.9629E+01     CE2      2446

 BOND    =     7531.9058  ANGLE   =      241.6584  DIHED      =     1667.2200
 VDWAALS =    16839.4541  EEL     =  -139444.8197  HBOND      =        0.0000
 1-4 VDW =      626.3734  1-4 EEL =     5507.5772  RESTRAINT  =      186.3824
 EAMBER  =  -107030.6308


   NSTEP       ENERGY          RMS            GMAX         NAME    NUMBER
   2200      -1.0697E+05     2.1419E-01     1.2503E+01     CE2      2446

 BOND    =     7558.8650  ANGLE   =      241.3821  DIHED      =     1667.2128
 VDWAALS =    16962.1125  EEL     =  -139724.7984  HBOND      =        0.0000
 1-4 VDW =      626.4684  1-4 EEL =     5507.4293  RESTRAINT  =      186.3684
 EAMBER  =  -107161.3283


   NSTEP       ENERGY          RMS            GMAX         NAME    NUMBER
   2300      -1.0710E+05     1.5854E-01     6.9854E+00     CE2      2446

 BOND    =     7585.0079  ANGLE   =      241.5011  DIHED      =     1667.2280
 VDWAALS =    17077.5553  EEL     =  -139990.0307  HBOND      =        0.0000
 1-4 VDW =      626.6139  1-4 EEL =     5507.2647  RESTRAINT  =      186.2484
 EAMBER  =  -107284.8596


   NSTEP       ENERGY          RMS            GMAX         NAME    NUMBER
   2400      -1.0722E+05     1.7204E-01     9.4274E+00     CE2      2446

 BOND    =     7611.7493  ANGLE   =      241.4751  DIHED      =     1667.2282
 VDWAALS =    17193.0334  EEL     =  -140256.0216  HBOND      =        0.0000
 1-4 VDW =      626.7732  1-4 EEL =     5507.1773  RESTRAINT  =      186.0974
 EAMBER  =  -107408.5850


   NSTEP       ENERGY          RMS            GMAX         NAME    NUMBER
   2500      -1.0734E+05     5.5132E-01     7.3508E+01     CG       1113

 BOND    =     7640.8824  ANGLE   =      241.5171  DIHED      =     1667.1779
 VDWAALS =    17303.2080  EEL     =  -140509.3320  HBOND      =        0.0000
 1-4 VDW =      626.8613  1-4 EEL =     5507.1935  RESTRAINT  =      186.0416
 EAMBER  =  -107522.4918


   NSTEP       ENERGY          RMS            GMAX         NAME    NUMBER
   2600      -1.0745E+05     4.1045E-01     3.0969E+01     CG       1113

 BOND    =     7662.6260  ANGLE   =      241.9847  DIHED      =     1667.2542
 VDWAALS =    17409.2581  EEL     =  -140751.4916  HBOND      =        0.0000
 1-4 VDW =      627.0726  1-4 EEL =     5507.0067  RESTRAINT  =      186.0949
 EAMBER  =  -107636.2893


   NSTEP       ENERGY          RMS            GMAX         NAME    NUMBER
   2700      -1.0755E+05     3.8352E-01     3.0902E+01     CE2      2446

 BOND    =     7685.5632  ANGLE   =      241.6284  DIHED      =     1667.2556
 VDWAALS =    17508.7313  EEL     =  -140977.1692  HBOND      =        0.0000
 1-4 VDW =      627.1468  1-4 EEL =     5507.0256  RESTRAINT  =      186.0063
 EAMBER  =  -107739.8183


   NSTEP       ENERGY          RMS            GMAX         NAME    NUMBER
   2800      -1.0765E+05     3.2064E-01     2.9054E+01     CG       1113

 BOND    =     7705.6178  ANGLE   =      241.9060  DIHED      =     1667.3241
 VDWAALS =    17600.9995  EEL     =  -141185.8085  HBOND      =        0.0000
 1-4 VDW =      627.2321  1-4 EEL =     5506.9475  RESTRAINT  =      185.9896
 EAMBER  =  -107835.7815


   NSTEP       ENERGY          RMS            GMAX         NAME    NUMBER
   2900      -1.0774E+05     2.6295E-01     2.0345E+01     CE2      2446

 BOND    =     7725.6030  ANGLE   =      241.5964  DIHED      =     1667.3655
 VDWAALS =    17688.5914  EEL     =  -141382.1314  HBOND      =        0.0000
 1-4 VDW =      627.2477  1-4 EEL =     5507.0087  RESTRAINT  =      185.8465
 EAMBER  =  -107924.7186


   NSTEP       ENERGY          RMS            GMAX         NAME    NUMBER
   3000      -1.0782E+05     2.0169E-01     1.5084E+01     CE2      2446

 BOND    =     7743.1377  ANGLE   =      241.7924  DIHED      =     1667.4653
 VDWAALS =    17768.7844  EEL     =  -141562.6237  HBOND      =        0.0000
 1-4 VDW =      627.2920  1-4 EEL =     5506.9910  RESTRAINT  =      185.8058
 EAMBER  =  -108007.1609


   NSTEP       ENERGY          RMS            GMAX         NAME    NUMBER
   3100      -1.0790E+05     1.1651E-01     3.5011E+00     CE2      2446

 BOND    =     7759.8594  ANGLE   =      241.7311  DIHED      =     1667.5563
 VDWAALS =    17843.7955  EEL     =  -141732.9952  HBOND      =        0.0000
 1-4 VDW =      627.3136  1-4 EEL =     5507.0243  RESTRAINT  =      185.7656
 EAMBER  =  -108085.7152


   NSTEP       ENERGY          RMS            GMAX         NAME    NUMBER
   3200      -1.0797E+05     1.2543E-01     6.0275E+00     CE2      2446

 BOND    =     7775.9016  ANGLE   =      241.8165  DIHED      =     1667.6371
 VDWAALS =    17914.0111  EEL     =  -141894.1569  HBOND      =        0.0000
 1-4 VDW =      627.3174  1-4 EEL =     5507.0504  RESTRAINT  =      185.8217
 EAMBER  =  -108160.4228


   NSTEP       ENERGY          RMS            GMAX         NAME    NUMBER
   3300      -1.0805E+05     3.3278E-01     2.6990E+01     CE2      2446

 BOND    =     7792.2551  ANGLE   =      242.0855  DIHED      =     1667.7118
 VDWAALS =    17981.1792  EEL     =  -142049.9374  HBOND      =        0.0000
 1-4 VDW =      627.3316  1-4 EEL =     5507.0531  RESTRAINT  =      185.9269
 EAMBER  =  -108232.3211


   NSTEP       ENERGY          RMS            GMAX         NAME    NUMBER
   3400      -1.0812E+05     3.1162E-01     2.6810E+01     CE2      2446

 BOND    =     7807.1718  ANGLE   =      241.8524  DIHED      =     1667.7407
 VDWAALS =    18044.6584  EEL     =  -142198.4247  HBOND      =        0.0000
 1-4 VDW =      627.3017  1-4 EEL =     5507.1156  RESTRAINT  =      185.8965
 EAMBER  =  -108302.5841


   NSTEP       ENERGY          RMS            GMAX         NAME    NUMBER
   3500      -1.0819E+05     2.5269E-01     2.0777E+01     CE2      2446

 BOND    =     7820.5562  ANGLE   =      242.0665  DIHED      =     1667.7784
 VDWAALS =    18104.8957  EEL     =  -142340.7156  HBOND      =        0.0000
 1-4 VDW =      627.3037  1-4 EEL =     5507.0962  RESTRAINT  =      185.8732
 EAMBER  =  -108371.0190


   NSTEP       ENERGY          RMS            GMAX         NAME    NUMBER
   3600      -1.0825E+05     1.0807E-01     3.7186E+00     CE2      2446

 BOND    =     7833.4828  ANGLE   =      241.8911  DIHED      =     1667.7662
 VDWAALS =    18162.3305  EEL     =  -142476.7199  HBOND      =        0.0000
 1-4 VDW =      627.3023  1-4 EEL =     5507.1109  RESTRAINT  =      185.7087
 EAMBER  =  -108436.8360


   NSTEP       ENERGY          RMS            GMAX         NAME    NUMBER
   3700      -1.0831E+05     1.0840E-01     4.3174E+00     CE2      2446

 BOND    =     7846.4752  ANGLE   =      241.9157  DIHED      =     1667.7297
 VDWAALS =    18218.5986  EEL     =  -142609.4509  HBOND      =        0.0000
 1-4 VDW =      627.3292  1-4 EEL =     5507.0856  RESTRAINT  =      185.5540
 EAMBER  =  -108500.3170


   NSTEP       ENERGY          RMS            GMAX         NAME    NUMBER
   3800      -1.0837E+05     3.9580E-01     3.4009E+01     CE2      2446

 BOND    =     7860.9582  ANGLE   =      242.1685  DIHED      =     1667.6694
 VDWAALS =    18274.4845  EEL     =  -142738.7930  HBOND      =        0.0000
 1-4 VDW =      627.3528  1-4 EEL =     5507.0533  RESTRAINT  =      185.4398
 EAMBER  =  -108559.1064


   NSTEP       ENERGY          RMS            GMAX         NAME    NUMBER
   3900      -1.0843E+05     3.3186E-01     2.7775E+01     CE2      2446

 BOND    =     7872.1714  ANGLE   =      241.8464  DIHED      =     1667.6125
 VDWAALS =    18326.7660  EEL     =  -142858.2435  HBOND      =        0.0000
 1-4 VDW =      627.3935  1-4 EEL =     5507.0362  RESTRAINT  =      185.2509
 EAMBER  =  -108615.4174


   NSTEP       ENERGY          RMS            GMAX         NAME    NUMBER
   4000      -1.0848E+05     2.9324E-01     2.4698E+01     CG       1113

 BOND    =     7882.6108  ANGLE   =      241.9764  DIHED      =     1667.5460
 VDWAALS =    18373.9275  EEL     =  -142967.1992  HBOND      =        0.0000
 1-4 VDW =      627.3823  1-4 EEL =     5507.0131  RESTRAINT  =      185.2022
 EAMBER  =  -108666.7431


   NSTEP       ENERGY          RMS            GMAX         NAME    NUMBER
   4100      -1.0853E+05     2.5839E-01     2.1559E+01     CE2      2446

 BOND    =     7892.5272  ANGLE   =      241.7542  DIHED      =     1667.4960
 VDWAALS =    18417.5871  EEL     =  -143069.9161  HBOND      =        0.0000
 1-4 VDW =      627.3921  1-4 EEL =     5507.0154  RESTRAINT  =      185.0862
 EAMBER  =  -108716.1439


   NSTEP       ENERGY          RMS            GMAX         NAME    NUMBER
   4200      -1.0858E+05     2.1007E-01     1.7041E+01     CE2      2446

 BOND    =     7901.2048  ANGLE   =      241.9411  DIHED      =     1667.4791
 VDWAALS =    18457.0815  EEL     =  -143166.2259  HBOND      =        0.0000
 1-4 VDW =      627.4130  1-4 EEL =     5506.9821  RESTRAINT  =      185.0652
 EAMBER  =  -108764.1242


   NSTEP       ENERGY          RMS            GMAX         NAME    NUMBER
   4300      -1.0863E+05     9.4462E-02     3.4404E+00     CE2      2446

 BOND    =     7909.7642  ANGLE   =      241.7766  DIHED      =     1667.4465
 VDWAALS =    18493.1887  EEL     =  -143257.9968  HBOND      =        0.0000
 1-4 VDW =      627.3946  1-4 EEL =     5507.0362  RESTRAINT  =      184.9898
 EAMBER  =  -108811.3901


   NSTEP       ENERGY          RMS            GMAX         NAME    NUMBER
   4400      -1.0867E+05     1.1558E-01     7.2282E+00     CE2      2446

 BOND    =     7918.4264  ANGLE   =      241.8358  DIHED      =     1667.4354
 VDWAALS =    18527.6861  EEL     =  -143348.6998  HBOND      =        0.0000
 1-4 VDW =      627.3905  1-4 EEL =     5507.0705  RESTRAINT  =      184.9529
 EAMBER  =  -108858.8551


   NSTEP       ENERGY          RMS            GMAX         NAME    NUMBER
   4500      -1.0872E+05     3.6147E-01     4.8257E+01     CG       1113

 BOND    =     7928.5917  ANGLE   =      241.9094  DIHED      =     1667.3990
 VDWAALS =    18561.0044  EEL     =  -143437.9715  HBOND      =        0.0000
 1-4 VDW =      627.3423  1-4 EEL =     5507.1423  RESTRAINT  =      184.9279
 EAMBER  =  -108904.5825


   NSTEP       ENERGY          RMS            GMAX         NAME    NUMBER
   4600      -1.0877E+05     2.6790E-01     2.3764E+01     CE2      2446

 BOND    =     7936.1988  ANGLE   =      241.7818  DIHED      =     1667.4044
 VDWAALS =    18593.1993  EEL     =  -143524.2021  HBOND      =        0.0000
 1-4 VDW =      627.3569  1-4 EEL =     5507.1285  RESTRAINT  =      184.8482
 EAMBER  =  -108951.1324
