            --------------------------------------------------------
                             AMBER SQM VERSION 19
 
                                     By
              Ross C. Walker, Michael F. Crowley, Scott Brozell,
                         Tim Giese, Andreas W. Goetz,
                        Tai-Sung Lee and David A. Case
 
            --------------------------------------------------------
 

--------------------------------------------------------------------------------
  QM CALCULATION INFO
--------------------------------------------------------------------------------

| QMMM: Citation for AMBER QMMM Run:
| QMMM: R.C. Walker, M.F. Crowley and D.A. Case, J. COMP. CHEM. 29:1019, 2008

QMMM: SINGLET STATE CALCULATION
QMMM: RHF CALCULATION, NO. OF DOUBLY OCCUPIED LEVELS = 27

| QMMM: *** Selected Hamiltonian *** 
| QMMM: AM1         

| QMMM: *** Parameter sets in use ***
| QMMM: C : M.J.S.DEWAR et al. JACS, 107, 3902, (1985)
| QMMM: O : M.J.S.DEWAR et al. JACS, 107, 3902, (1985)
| QMMM: H : M.J.S.DEWAR et al. JACS, 107, 3902, (1985)

| QMMM: *** SCF convergence criteria ***
| QMMM: Energy change                :  0.1D-09 kcal/mol
| QMMM: Error matrix |FP-PF|         :  0.1D+00 au
| QMMM: Density matrix change        :  0.5D-06
| QMMM: Maximum number of SCF cycles :     1000

| QMMM: *** Diagonalization Routine Information ***
| QMMM: Pseudo diagonalizations are allowed.
| QMMM: Auto diagonalization routine selection is in use.
| QMMM:
| QMMM: Timing diagonalization routines:
| QMMM:                              norbs =       52
| QMMM:    diag iterations used for timing =       15
| QMMM:
| QMMM:              Internal diag routine = 0.003683 seconds
| QMMM:                 Dspev diag routine = 0.004279 seconds
| QMMM:                Dspevd diag routine = 0.003381 seconds
| QMMM:                Dspevx diag routine = 0.015005 seconds
| QMMM:                 Dsyev diag routine = 0.004046 seconds
| QMMM:                Dsyevd diag routine = 0.003080 seconds
| QMMM:                Dsyevr diag routine = 0.004085 seconds
| QMMM:
| QMMM:                Pseudo diag routine = 0.001276 seconds
| QMMM:
| QMMM: Using dsyevd routine (diag_routine=6).

  QMMM: QM Region Cartesian Coordinates (*=link atom) 
  QMMM: QM_NO.   MM_NO.  ATOM         X         Y         Z
  QMMM:     1        1      C       24.2940  -24.1240   -0.0710
  QMMM:     2        2      C       21.5530  -27.2140   -4.1120
  QMMM:     3        3      C       22.0680  -26.7470   -5.3310
  QMMM:     4        4      C       22.6710  -25.5120   -5.4480
  QMMM:     5        5      C       22.7690  -24.7300   -4.2950
  QMMM:     6        6      C       21.6930  -26.4590   -2.9540
  QMMM:     7        7      C       22.2940  -25.1870   -3.0750
  QMMM:     8        8      C       22.4630  -24.4140   -1.8080
  QMMM:     9        9      C       23.9250  -24.7040   -1.3940
  QMMM:    10       10      O       23.4120  -23.5360   -4.3420
  QMMM:    11       11      H       25.3130  -24.3620    0.1510
  QMMM:    12       12      H       23.6590  -24.5330    0.6870
  QMMM:    13       13      H       24.1740  -23.0610   -0.1020
  QMMM:    14       14      H       21.0670  -28.1240   -4.0750
  QMMM:    15       15      H       21.9930  -27.3470   -6.1670
  QMMM:    16       16      H       23.0360  -25.1780   -6.3540
  QMMM:    17       17      H       21.3700  -26.8140   -2.0410
  QMMM:    18       18      H       21.7790  -24.7550   -1.0590
  QMMM:    19       19      H       22.2660  -23.3690   -1.9300
  QMMM:    20       20      H       24.5760  -24.2930   -2.1380
  QMMM:    21       21      H       24.0240  -25.7660   -1.3110
  QMMM:    22       22      H       23.7390  -23.2120   -5.1580

--------------------------------------------------------------------------------
  RESULTS
--------------------------------------------------------------------------------

      iter         sqm energy              rms gradient
      ----    -------------------    -----------------------
xmin    10      -41.5136 kcal/mol        0.1653 kcal/(mol*A)
xmin    20      -41.5336 kcal/mol        0.0332 kcal/(mol*A)
xmin    30      -41.5355 kcal/mol        0.0061 kcal/(mol*A)
xmin    40      -41.5355 kcal/mol        0.0009 kcal/(mol*A)
  ... geometry converged !
 
 Final MO eigenvalues (eV):
 -40.4063  -37.4187  -35.7079  -31.7833  -30.3747  -26.9829  -23.6041  -22.8142
 -21.2937  -18.9030  -17.2298  -16.6237  -15.5214  -15.1661  -14.9650  -14.5558
 -14.3938  -13.8531  -13.0161  -12.7813  -12.5487  -12.1353  -11.8483  -11.6941
 -11.1388   -9.6358   -8.9828    0.4034    0.5292    2.8118    3.0393    3.7502
   3.8105    3.9773    4.0950    4.2261    4.3146    4.3950    4.6026    4.6379
   4.7689    4.9818    4.9918    5.0682    5.1699    5.2579    5.3640    5.4344
   5.5283    5.6750    5.9048    6.3379

 Heat of formation   =        -41.53552944 kcal/mol  (       -1.80111571 eV)

 Total SCF energy    =     -37782.85282563 kcal/mol  (    -1638.38744311 eV)
 Electronic energy   =    -187241.20677682 kcal/mol  (    -8119.38800472 eV)
 Core-core repulsion =     149458.35395119 kcal/mol  (     6481.00056161 eV)
 
    Atomic Charges for Step       1 :
  Atom    Element       Mulliken Charge
     1      C                 -0.210
     2      C                 -0.162
     3      C                 -0.096
     4      C                 -0.211
     5      C                  0.078
     6      C                 -0.098
     7      C                 -0.092
     8      C                 -0.113
     9      C                 -0.155
    10      O                 -0.252
    11      H                  0.072
    12      H                  0.069
    13      H                  0.073
    14      H                  0.133
    15      H                  0.132
    16      H                  0.132
    17      H                  0.134
    18      H                  0.082
    19      H                  0.099
    20      H                  0.091
    21      H                  0.078
    22      H                  0.216
 Total Mulliken Charge =       0.000
 
                  X        Y        Z     TOTAL  
  QM DIPOLE    -0.038   -0.276   -0.975    1.014
 
 Final Structure

  QMMM: QM Region Cartesian Coordinates (*=link atom) 
  QMMM: QM_NO.   MM_NO.  ATOM         X         Y         Z
  QMMM:     1        1      C       24.2346  -23.9585    0.0063
  QMMM:     2        2      C       21.4992  -27.2340   -4.2262
  QMMM:     3        3      C       21.9378  -26.7173   -5.4439
  QMMM:     4        4      C       22.5976  -25.4915   -5.4866
  QMMM:     5        5      C       22.8173  -24.7853   -4.2956
  QMMM:     6        6      C       21.7196  -26.5255   -3.0452
  QMMM:     7        7      C       22.3794  -25.2941   -3.0549
  QMMM:     8        8      C       22.6064  -24.5362   -1.7961
  QMMM:     9        9      C       24.0186  -24.7252   -1.2724
  QMMM:    10       10      O       23.4655  -23.5694   -4.2786
  QMMM:    11       11      H       25.2787  -24.1064    0.3740
  QMMM:    12       12      H       23.5290  -24.3050    0.7998
  QMMM:    13       13      H       24.0693  -22.8659   -0.1562
  QMMM:    14       14      H       20.9779  -28.2013   -4.1948
  QMMM:    15       15      H       21.7639  -27.2754   -6.3756
  QMMM:    16       16      H       22.9444  -25.0787   -6.4442
  QMMM:    17       17      H       21.3687  -26.9387   -2.0869
  QMMM:    18       18      H       21.8704  -24.8654   -1.0148
  QMMM:    19       19      H       22.4306  -23.4427   -1.9889
  QMMM:    20       20      H       24.7447  -24.3763   -2.0542
  QMMM:    21       21      H       24.2116  -25.8161   -1.0976
  QMMM:    22       22      H       23.6729  -23.3320   -5.1941

           --------- Calculation Completed ----------

