            --------------------------------------------------------
                             AMBER SQM VERSION 19
 
                                     By
              Ross C. Walker, Michael F. Crowley, Scott Brozell,
                         Tim Giese, Andreas W. Goetz,
                        Tai-Sung Lee and David A. Case
 
            --------------------------------------------------------
 

--------------------------------------------------------------------------------
  QM CALCULATION INFO
--------------------------------------------------------------------------------

| QMMM: Citation for AMBER QMMM Run:
| QMMM: R.C. Walker, M.F. Crowley and D.A. Case, J. COMP. CHEM. 29:1019, 2008

QMMM: SINGLET STATE CALCULATION
QMMM: RHF CALCULATION, NO. OF DOUBLY OCCUPIED LEVELS = 27

| QMMM: *** Selected Hamiltonian *** 
| QMMM: AM1         

| QMMM: *** Parameter sets in use ***
| QMMM: C : M.J.S.DEWAR et al. JACS, 107, 3902, (1985)
| QMMM: O : M.J.S.DEWAR et al. JACS, 107, 3902, (1985)
| QMMM: H : M.J.S.DEWAR et al. JACS, 107, 3902, (1985)

| QMMM: *** SCF convergence criteria ***
| QMMM: Energy change                :  0.1D-09 kcal/mol
| QMMM: Error matrix |FP-PF|         :  0.1D+00 au
| QMMM: Density matrix change        :  0.5D-06
| QMMM: Maximum number of SCF cycles :     1000

| QMMM: *** Diagonalization Routine Information ***
| QMMM: Pseudo diagonalizations are allowed.
| QMMM: Auto diagonalization routine selection is in use.
| QMMM:
| QMMM: Timing diagonalization routines:
| QMMM:                              norbs =       52
| QMMM:    diag iterations used for timing =       15
| QMMM:
| QMMM:              Internal diag routine = 0.003675 seconds
| QMMM:                 Dspev diag routine = 0.004279 seconds
| QMMM:                Dspevd diag routine = 0.003313 seconds
| QMMM:                Dspevx diag routine = 0.015021 seconds
| QMMM:                 Dsyev diag routine = 0.004036 seconds
| QMMM:                Dsyevd diag routine = 0.003966 seconds
| QMMM:                Dsyevr diag routine = 0.004082 seconds
| QMMM:
| QMMM:                Pseudo diag routine = 0.001273 seconds
| QMMM:
| QMMM: Using dspevd routine (diag_routine=3).

  QMMM: QM Region Cartesian Coordinates (*=link atom) 
  QMMM: QM_NO.   MM_NO.  ATOM         X         Y         Z
  QMMM:     1        1      C       24.2940  -24.1240   -0.0710
  QMMM:     2        2      C       21.5530  -27.2140   -4.1120
  QMMM:     3        3      C       22.0680  -26.7470   -5.3310
  QMMM:     4        4      C       22.6710  -25.5120   -5.4480
  QMMM:     5        5      C       22.7690  -24.7300   -4.2950
  QMMM:     6        6      C       21.6930  -26.4590   -2.9540
  QMMM:     7        7      C       22.2940  -25.1870   -3.0750
  QMMM:     8        8      C       22.4630  -24.4140   -1.8080
  QMMM:     9        9      C       23.9250  -24.7040   -1.3940
  QMMM:    10       10      O       23.4120  -23.5360   -4.3420
  QMMM:    11       11      H       25.3130  -24.3620    0.1510
  QMMM:    12       12      H       23.6590  -24.5330    0.6870
  QMMM:    13       13      H       24.1740  -23.0610   -0.1020
  QMMM:    14       14      H       21.0670  -28.1240   -4.0750
  QMMM:    15       15      H       21.9930  -27.3470   -6.1670
  QMMM:    16       16      H       23.0360  -25.1780   -6.3540
  QMMM:    17       17      H       21.3700  -26.8140   -2.0410
  QMMM:    18       18      H       21.7790  -24.7550   -1.0590
  QMMM:    19       19      H       22.2660  -23.3690   -1.9300
  QMMM:    20       20      H       24.5760  -24.2930   -2.1380
  QMMM:    21       21      H       24.0240  -25.7660   -1.3110
  QMMM:    22       22      H       23.7390  -23.2120   -5.1580

--------------------------------------------------------------------------------
  RESULTS
--------------------------------------------------------------------------------

      iter         sqm energy              rms gradient
      ----    -------------------    -----------------------
xmin    10      -41.5028 kcal/mol        0.2995 kcal/(mol*A)
xmin    20      -41.5327 kcal/mol        0.0376 kcal/(mol*A)
xmin    30      -41.5355 kcal/mol        0.0061 kcal/(mol*A)
xmin    40      -41.5355 kcal/mol        0.0018 kcal/(mol*A)
xmin    50      -41.5355 kcal/mol        0.0023 kcal/(mol*A)
  ... geometry converged !
 
 Final MO eigenvalues (eV):
 -40.4062  -37.4188  -35.7080  -31.7832  -30.3748  -26.9829  -23.6043  -22.8142
 -21.2938  -18.9030  -17.2301  -16.6236  -15.5214  -15.1664  -14.9650  -14.5559
 -14.3934  -13.8535  -13.0162  -12.7811  -12.5488  -12.1353  -11.8487  -11.6941
 -11.1389   -9.6358   -8.9829    0.4033    0.5292    2.8118    3.0394    3.7502
   3.8105    3.9774    4.0950    4.2260    4.3145    4.3949    4.6025    4.6378
   4.7689    4.9817    4.9917    5.0681    5.1697    5.2578    5.3639    5.4341
   5.5283    5.6750    5.9048    6.3379

 Heat of formation   =        -41.53552683 kcal/mol  (       -1.80111560 eV)

 Total SCF energy    =     -37782.85282302 kcal/mol  (    -1638.38744300 eV)
 Electronic energy   =    -187238.56161219 kcal/mol  (    -8119.27330177 eV)
 Core-core repulsion =     149455.70878917 kcal/mol  (     6480.88585877 eV)
 
    Atomic Charges for Step       1 :
  Atom    Element       Mulliken Charge
     1      C                 -0.210
     2      C                 -0.162
     3      C                 -0.096
     4      C                 -0.211
     5      C                  0.078
     6      C                 -0.098
     7      C                 -0.092
     8      C                 -0.113
     9      C                 -0.155
    10      O                 -0.252
    11      H                  0.072
    12      H                  0.069
    13      H                  0.073
    14      H                  0.133
    15      H                  0.132
    16      H                  0.132
    17      H                  0.134
    18      H                  0.082
    19      H                  0.099
    20      H                  0.091
    21      H                  0.078
    22      H                  0.216
 Total Mulliken Charge =       0.000
 
                  X        Y        Z     TOTAL  
  QM DIPOLE    -0.038   -0.275   -0.975    1.014
 
 Final Structure

  QMMM: QM Region Cartesian Coordinates (*=link atom) 
  QMMM: QM_NO.   MM_NO.  ATOM         X         Y         Z
  QMMM:     1        1      C       24.2319  -23.9611    0.0087
  QMMM:     2        2      C       21.5033  -27.2341   -4.2293
  QMMM:     3        3      C       21.9410  -26.7151   -5.4464
  QMMM:     4        4      C       22.5986  -25.4881   -5.4875
  QMMM:     5        5      C       22.8169  -24.7830   -4.2956
  QMMM:     6        6      C       21.7222  -26.5267   -3.0474
  QMMM:     7        7      C       22.3798  -25.2941   -3.0555
  QMMM:     8        8      C       22.6054  -24.5374   -1.7957
  QMMM:     9        9      C       24.0172  -24.7267   -1.2709
  QMMM:    10       10      O       23.4630  -23.5659   -4.2770
  QMMM:    11       11      H       25.2755  -24.1093    0.3774
  QMMM:    12       12      H       23.5254  -24.3082    0.8011
  QMMM:    13       13      H       24.0668  -22.8684   -0.1531
  QMMM:    14       14      H       20.9837  -28.2024   -4.1992
  QMMM:    15       15      H       21.7682  -27.2724   -6.3788
  QMMM:    16       16      H       22.9447  -25.0734   -6.4445
  QMMM:    17       17      H       21.3720  -26.9417   -2.0897
  QMMM:    18       18      H       21.8687  -24.8676   -1.0155
  QMMM:    19       19      H       22.4295  -23.4438   -1.9876
  QMMM:    20       20      H       24.7440  -24.3770   -2.0516
  QMMM:    21       21      H       24.2102  -25.8176   -1.0969
  QMMM:    22       22      H       23.6699  -23.3270   -5.1922

           --------- Calculation Completed ----------

